  Main.cpp
D:\01_YWS_Projects_Git\01_YWS_Project\YWS_Project\QuadTree3\PointAndRect.h(35,14): warning C4244: 'return': 'double'에서 'float'(으)로 변환하면서 데이터가 손실될 수 있습니다.
D:\01_YWS_Projects_Git\01_YWS_Project\YWS_Project\QuadTree3\PointAndRect.h(203,33): warning C4244: 'return': 'double'에서 'float'(으)로 변환하면서 데이터가 손실될 수 있습니다.
  Object.cpp
D:\01_YWS_Projects_Git\01_YWS_Project\YWS_Project\QuadTree3\PointAndRect.h(35,14): warning C4244: 'return': 'double'에서 'float'(으)로 변환하면서 데이터가 손실될 수 있습니다.
D:\01_YWS_Projects_Git\01_YWS_Project\YWS_Project\QuadTree3\PointAndRect.h(203,33): warning C4244: 'return': 'double'에서 'float'(으)로 변환하면서 데이터가 손실될 수 있습니다.
  QuadTree.cpp
D:\01_YWS_Projects_Git\01_YWS_Project\YWS_Project\QuadTree3\PointAndRect.h(35,14): warning C4244: 'return': 'double'에서 'float'(으)로 변환하면서 데이터가 손실될 수 있습니다.
D:\01_YWS_Projects_Git\01_YWS_Project\YWS_Project\QuadTree3\PointAndRect.h(203,33): warning C4244: 'return': 'double'에서 'float'(으)로 변환하면서 데이터가 손실될 수 있습니다.
D:\01_YWS_Projects_Git\01_YWS_Project\YWS_Project\QuadTree3\QuadTree.cpp(5,37): warning C4244: '인수': 'int'에서 'float'(으)로 변환하면서 데이터가 손실될 수 있습니다.
D:\01_YWS_Projects_Git\01_YWS_Project\YWS_Project\QuadTree3\QuadTree.cpp(5,31): warning C4244: '인수': 'int'에서 'float'(으)로 변환하면서 데이터가 손실될 수 있습니다.
  Node.cpp
D:\01_YWS_Projects_Git\01_YWS_Project\YWS_Project\QuadTree3\PointAndRect.h(35,14): warning C4244: 'return': 'double'에서 'float'(으)로 변환하면서 데이터가 손실될 수 있습니다.
D:\01_YWS_Projects_Git\01_YWS_Project\YWS_Project\QuadTree3\PointAndRect.h(203,33): warning C4244: 'return': 'double'에서 'float'(으)로 변환하면서 데이터가 손실될 수 있습니다.
  코드를 생성하고 있습니다...
Timer.obj : error LNK2001: 확인할 수 없는 외부 기호 "private: static unsigned long Timer::beforeTime" (?beforeTime@Timer@@0KA)
Timer.obj : error LNK2001: 확인할 수 없는 외부 기호 "private: static float Timer::gameTime" (?gameTime@Timer@@0MA)
Timer.obj : error LNK2001: 확인할 수 없는 외부 기호 "private: static float Timer::deltaTime" (?deltaTime@Timer@@0MA)
Timer.obj : error LNK2001: 확인할 수 없는 외부 기호 "private: static float Timer::fpsTime" (?fpsTime@Timer@@0MA)
Timer.obj : error LNK2001: 확인할 수 없는 외부 기호 "private: static int Timer::fps" (?fps@Timer@@0HA)
D:\01_YWS_Projects_Git\01_YWS_Project\YWS_Project\x64\Debug\QuadTree3.exe : fatal error LNK1120: 5개의 확인할 수 없는 외부 참조입니다.
